<?xml version="1.0" encoding="UTF-8"?>
<testsuite name="Login Test"
           tests="3"
           failures="0"
           errors="0"
           skipped="0"
           time="1.708">
  <properties />
  
  
            <testcase name="verifyTheUsernameErrorMessage" time="0.597" classname="com.herokuapp.testsuite.LoginPageTest" />
                <testcase name="verifyThePasswordErrorMessage" time="0.524" classname="com.herokuapp.testsuite.LoginPageTest" />
                <testcase name="UserSholdLoginSuccessfullyWithValidCredentials" time="0.587" classname="com.herokuapp.testsuite.LoginPageTest" />
      
</testsuite>
